<?xml version="1.0" encoding="UTF-8"?>
<testsuite name="com.statecensusnanalyser.CSVStateTest" tests="1" skipped="0" failures="0" errors="0" timestamp="2019-11-30T12:44:54" hostname="suraj-desktop" time="0.008">
  <properties/>
  <testcase name="givenStateCensusCSVFile_WhenIncorrectReturn_ShouldReturnSad" classname="com.statecensusnanalyser.CSVStateTest" time="0.008"/>
  <system-out><![CDATA[Enter proper file path
]]></system-out>
  <system-err><![CDATA[]]></system-err>
</testsuite>
