<?xml version="1.0" encoding="UTF-8"?>
<testsuite name="com.statecensusnanalyser.StateCensusTest" tests="1" skipped="0" failures="0" errors="0" timestamp="2019-12-07T12:48:47" hostname="suraj-desktop" time="0.058">
  <properties/>
  <testcase name="givenStateCensusCSVFile_whenDelimiterIncorrect_ReturnCustomException" classname="com.statecensusnanalyser.StateCensusTest" time="0.058"/>
  <system-out><![CDATA[]]></system-out>
  <system-err><![CDATA[]]></system-err>
</testsuite>
