<?xml version="1.0" encoding="UTF-8"?>
<testsuite name="com.statecensusnanalyser.CSVStateTest" tests="1" skipped="0" failures="0" errors="0" timestamp="2019-12-02T06:28:15" hostname="suraj-desktop" time="0.006">
  <properties/>
  <testcase name="givenStateCensusCSVFile_whenImProperButTypeIncorrect_ReturnCustomException" classname="com.statecensusnanalyser.CSVStateTest" time="0.006"/>
  <system-out><![CDATA[Enter proper file path
]]></system-out>
  <system-err><![CDATA[]]></system-err>
</testsuite>
