<?xml version="1.0" encoding="UTF-8"?>
<testsuite name="com.statecensusnanalyser.CSVStateTest" tests="1" skipped="0" failures="0" errors="0" timestamp="2019-11-29T11:25:01" hostname="suraj-desktop" time="0.061">
  <properties/>
  <testcase name="givenNumberOfRecord_WhenRecordsMatches_ShouldReturnHappy" classname="com.statecensusnanalyser.CSVStateTest" time="0.061"/>
  <system-out><![CDATA[]]></system-out>
  <system-err><![CDATA[]]></system-err>
</testsuite>
