<?xml version="1.0" encoding="UTF-8"?>
<testsuite name="com.statecensusnanalyser.CSVStateTest" tests="1" skipped="0" failures="0" errors="0" timestamp="2019-11-30T12:41:03" hostname="suraj-desktop" time="0.03">
  <properties/>
  <testcase name="givenStateCSVfileNumberOfRecord_WhenRecordsMatches_ShouldReturnHappy" classname="com.statecensusnanalyser.CSVStateTest" time="0.03"/>
  <system-out><![CDATA[]]></system-out>
  <system-err><![CDATA[]]></system-err>
</testsuite>
